<?xml version="1.0" encoding="UTF-8"?>
<testng-results ignored="0" total="4" passed="3" failed="1" skipped="0">
  <reporter-output>
  </reporter-output>
  <suite started-at="2022-04-11T12:13:29Z" name="Suite" finished-at="2022-04-11T12:13:47Z" duration-ms="17961">
    <groups>
      <group name="cucumber">
        <method signature="TestRunner.scenario(io.cucumber.testng.PickleWrapper, io.cucumber.testng.FeatureWrapper)[pri:0, instance:runnerClass.TestRunner@537f60bf]" name="scenario" class="runnerClass.TestRunner"/>
      </group> <!-- cucumber -->
    </groups>
    <test started-at="2022-04-11T12:13:29Z" name="Test" finished-at="2022-04-11T12:13:47Z" duration-ms="17961">
      <class name="runnerClass.TestRunner">
        <test-method is-config="true" signature="setUpClass()[pri:0, instance:runnerClass.TestRunner@537f60bf]" started-at="2022-04-11T12:13:29Z" name="setUpClass" finished-at="2022-04-11T12:13:38Z" duration-ms="8927" status="PASS">
          <reporter-output>
          </reporter-output>
        </test-method> <!-- setUpClass -->
        <test-method signature="scenario(io.cucumber.testng.PickleWrapper, io.cucumber.testng.FeatureWrapper)[pri:0, instance:runnerClass.TestRunner@537f60bf]" started-at="2022-04-11T12:13:38Z" name="scenario" description="Runs Cucumber Scenarios" data-provider="scenarios" finished-at="2022-04-11T12:13:43Z" duration-ms="4837" status="FAIL">
          <params>
            <param index="0">
              <value>
                <![CDATA["Validate that the given WebElement having proper colorcontrast ratio"]]>
              </value>
            </param>
            <param index="1">
              <value>
                <![CDATA["Optional[Accessibility Testing for ColorContrast]"]]>
              </value>
            </param>
          </params>
          <exception class="java.lang.AssertionError">
            <message>
              <![CDATA[expected [true] but found [false]]]>
            </message>
            <full-stacktrace>
              <![CDATA[java.lang.AssertionError: expected [true] but found [false]
at org.testng.Assert.fail(Assert.java:96)
at org.testng.Assert.failNotEquals(Assert.java:776)
at org.testng.Assert.assertEqualsImpl(Assert.java:137)
at org.testng.Assert.assertEquals(Assert.java:118)
at org.testng.Assert.assertEquals(Assert.java:568)
at org.testng.Assert.assertEquals(Assert.java:578)
at stepDefinition.StepDefinition.check_if_the_given_element_having_proper_colorcontrast_or_not(StepDefinition.java:86)
at âœ½.check if the WebElement is having proper colorcontrast ratio="XPATH://*[@id='w3loginbtn']"(file:///Users/apple/Documents/GitHub/Accessibility-Automation/src/test/java/features/ColorContrast_Feature.feature:6)
]]>
            </full-stacktrace>
          </exception> <!-- java.lang.AssertionError -->
          <reporter-output>
          </reporter-output>
        </test-method> <!-- scenario -->
        <test-method signature="scenario(io.cucumber.testng.PickleWrapper, io.cucumber.testng.FeatureWrapper)[pri:0, instance:runnerClass.TestRunner@537f60bf]" started-at="2022-04-11T12:13:43Z" name="scenario" description="Runs Cucumber Scenarios" data-provider="scenarios" finished-at="2022-04-11T12:13:45Z" duration-ms="2496" status="PASS">
          <params>
            <param index="0">
              <value>
                <![CDATA["Validate that the given WebElement having proper colorcontrast ratio"]]>
              </value>
            </param>
            <param index="1">
              <value>
                <![CDATA["Optional[Accessibility Testing for ColorContrast]"]]>
              </value>
            </param>
          </params>
          <reporter-output>
          </reporter-output>
        </test-method> <!-- scenario -->
        <test-method signature="scenario(io.cucumber.testng.PickleWrapper, io.cucumber.testng.FeatureWrapper)[pri:0, instance:runnerClass.TestRunner@537f60bf]" started-at="2022-04-11T12:13:45Z" name="scenario" description="Runs Cucumber Scenarios" data-provider="scenarios" finished-at="2022-04-11T12:13:46Z" duration-ms="209" status="PASS">
          <params>
            <param index="0">
              <value>
                <![CDATA["Validate that the given WebElement having proper Link/button Text"]]>
              </value>
            </param>
            <param index="1">
              <value>
                <![CDATA["Optional[Accessibility Testing for Link/button Text in w3schools HomePage]"]]>
              </value>
            </param>
          </params>
          <reporter-output>
          </reporter-output>
        </test-method> <!-- scenario -->
        <test-method signature="scenario(io.cucumber.testng.PickleWrapper, io.cucumber.testng.FeatureWrapper)[pri:0, instance:runnerClass.TestRunner@537f60bf]" started-at="2022-04-11T12:13:46Z" name="scenario" description="Runs Cucumber Scenarios" data-provider="scenarios" finished-at="2022-04-11T12:13:46Z" duration-ms="137" status="PASS">
          <params>
            <param index="0">
              <value>
                <![CDATA["Validate that the given WebElement having proper Link/button Text"]]>
              </value>
            </param>
            <param index="1">
              <value>
                <![CDATA["Optional[Accessibility Testing for Link/button Text in w3schools HomePage]"]]>
              </value>
            </param>
          </params>
          <reporter-output>
          </reporter-output>
        </test-method> <!-- scenario -->
        <test-method is-config="true" signature="tearDownClass()[pri:0, instance:runnerClass.TestRunner@537f60bf]" started-at="2022-04-11T12:13:46Z" name="tearDownClass" finished-at="2022-04-11T12:13:47Z" duration-ms="1345" status="PASS">
          <reporter-output>
          </reporter-output>
        </test-method> <!-- tearDownClass -->
      </class> <!-- runnerClass.TestRunner -->
    </test> <!-- Test -->
  </suite> <!-- Suite -->
</testng-results>
